{"logTime": "0209/124450", "correlationVector":"336F1XhxvWpCSEneyPvSGH.1","action":"SyncServerConnectionManagerRequest", "result":"SYNC_SERVER_OK", "context":{"environment":"Prod_SoutheastAsia_000j", "migrationStage":"NotStarted", "server":"GENERAL03000004"}}
{"logTime": "0209/124450", "correlationVector":"336F1XhxvWpCSEneyPvSGH","action":"Initial GetUpdates", "result":"", "context":Reason: NEW_CLIENT. cV=336F1XhxvWpCSEneyPvSGH}
{"logTime": "0209/124450", "correlationVector":"336F1XhxvWpCSEneyPvSGH.2","action":"GetUpdates Response", "result":"SYNCER_OK", "context":Received 1 update(s). cV=336F1XhxvWpCSEneyPvSGH.0;server=GENERAL03000004;cloudType=Consumer;environment=Prod_SoutheastAsia_000j;migrationStage=NotStarted}
{"logTime": "0209/124534", "correlationVector":"P+FejUpjoT1rnBALdaH0Xc","action":"SyncServerConnectionManagerRequest", "result":"SYNC_SERVER_OK", "context":{"environment":"", "migrationStage":"", "server":""}}
{"logTime": "0209/124534", "correlationVector":"Cw1GynfVOcnwSE98Q/064L","action":"Initial GetUpdates", "result":"", "context":Reason: NEW_CLIENT. cV=Cw1GynfVOcnwSE98Q/064L}
{"logTime": "0209/124536", "correlationVector":"Cw1GynfVOcnwSE98Q/064L.1","action":"SyncServerConnectionManagerRequest", "result":"SYNC_SERVER_OK", "context":{"environment":"Prod_SoutheastAsia_000j", "migrationStage":"NotStarted", "server":"GENERAL0100000P"}}
{"logTime": "0209/124536", "correlationVector":"Cw1GynfVOcnwSE98Q/064L.2","action":"GetUpdates Response", "result":"SERVER_MORE_TO_DOWNLOAD", "context":Received 228 update(s).  Some updates remain.}
{"logTime": "0209/124536", "correlationVector":"vsewJbnRoesgWKFlVTk6l8","action":"Initial GetUpdates", "result":"", "context":Reason: NEW_CLIENT. cV=vsewJbnRoesgWKFlVTk6l8}
{"logTime": "0209/124537", "correlationVector":"vsewJbnRoesgWKFlVTk6l8.1","action":"SyncServerConnectionManagerRequest", "result":"SYNC_SERVER_OK", "context":{"environment":"Prod_SoutheastAsia_000j", "migrationStage":"NotStarted", "server":"GENERAL03000013"}}
{"logTime": "0209/124537", "correlationVector":"vsewJbnRoesgWKFlVTk6l8.2","action":"GetUpdates Response", "result":"SYNCER_OK", "context":Received 162 update(s). cV=vsewJbnRoesgWKFlVTk6l8.0;server=GENERAL03000013;cloudType=Consumer;environment=Prod_SoutheastAsia_000j;migrationStage=NotStarted}
{"logTime": "0209/124537", "correlationVector":"Q7SIa3bygpQrzjf/C/Hr/u","action":"Initial GetUpdates", "result":"", "context":Reason: NEWLY_SUPPORTED_DATATYPE. cV=Q7SIa3bygpQrzjf/C/Hr/u}
{"logTime": "0209/124537", "correlationVector":"Q7SIa3bygpQrzjf/C/Hr/u.1","action":"SyncServerConnectionManagerRequest", "result":"SYNC_SERVER_OK", "context":{"environment":"Prod_SoutheastAsia_000j", "migrationStage":"NotStarted", "server":"GENERAL0300001P"}}
{"logTime": "0209/124537", "correlationVector":"Q7SIa3bygpQrzjf/C/Hr/u.2","action":"GetUpdates", "result":"DeleteReceived", "context":{"id":"bfdb4efd-5b61-4331-a5b3-d9f45847bb2a", "isDeleted:":"true", "version":"1702724396286"}}
{"logTime": "0209/124537", "correlationVector":"Q7SIa3bygpQrzjf/C/Hr/u.3","action":"GetUpdates Response", "result":"SYNCER_OK", "context":Received 23 update(s). cV=Q7SIa3bygpQrzjf/C/Hr/u.0;server=GENERAL0300001P;cloudType=Consumer;environment=Prod_SoutheastAsia_000j;migrationStage=NotStarted}
{"logTime": "0209/124537", "correlationVector":"c4muhgf23CRVEXix2BGEHU","action":"Initial GetUpdates", "result":"", "context":Reason: NEWLY_SUPPORTED_DATATYPE. cV=c4muhgf23CRVEXix2BGEHU}
{"logTime": "0209/124538", "correlationVector":"c4muhgf23CRVEXix2BGEHU.1","action":"SyncServerConnectionManagerRequest", "result":"SYNC_SERVER_OK", "context":{"environment":"Prod_SoutheastAsia_000j", "migrationStage":"NotStarted", "server":"GENERAL0300002F"}}
{"logTime": "0209/124538", "correlationVector":"c4muhgf23CRVEXix2BGEHU.2","action":"GetUpdates", "result":"DeleteReceived", "context":{"id":"c5340013-b162-41b8-ba5a-b97720332cad", "isDeleted:":"true", "version":"1703427293632"}}
{"logTime": "0209/124538", "correlationVector":"c4muhgf23CRVEXix2BGEHU.3","action":"GetUpdates", "result":"DeleteReceived", "context":{"id":"c3767ce0-58cb-4433-8237-cc64905a08bb", "isDeleted:":"true", "version":"1703427293634"}}
{"logTime": "0209/124538", "correlationVector":"c4muhgf23CRVEXix2BGEHU.4","action":"GetUpdates", "result":"DeleteReceived", "context":{"id":"f925b6df-7db0-48a2-8394-d6f6397fe0de", "isDeleted:":"true", "version":"1703427293635"}}
{"logTime": "0209/124538", "correlationVector":"c4muhgf23CRVEXix2BGEHU.5","action":"GetUpdates", "result":"DeleteReceived", "context":{"id":"e2665c5f-3ef7-4a50-8122-48b1532b1063", "isDeleted:":"true", "version":"1703427293636"}}
{"logTime": "0209/124538", "correlationVector":"c4muhgf23CRVEXix2BGEHU.6","action":"GetUpdates", "result":"DeleteReceived", "context":{"id":"7edf7c75-fc54-412e-9b24-554ffebbf049", "isDeleted:":"true", "version":"1703427293637"}}
{"logTime": "0209/124538", "correlationVector":"c4muhgf23CRVEXix2BGEHU.7","action":"GetUpdates", "result":"DeleteReceived", "context":{"id":"3cb75976-2ceb-45e8-9d22-36bf2c1ad7a1", "isDeleted:":"true", "version":"1703427293638"}}
{"logTime": "0209/124538", "correlationVector":"c4muhgf23CRVEXix2BGEHU.8","action":"GetUpdates Response", "result":"SERVER_MORE_TO_DOWNLOAD", "context":Received 250 update(s).  Some updates remain.}
{"logTime": "0209/124538", "correlationVector":"j1t/+MqIo0IvyMz2n/bWBu","action":"Initial GetUpdates", "result":"", "context":Reason: NEWLY_SUPPORTED_DATATYPE. cV=j1t/+MqIo0IvyMz2n/bWBu}
{"logTime": "0209/124539", "correlationVector":"j1t/+MqIo0IvyMz2n/bWBu.1","action":"SyncServerConnectionManagerRequest", "result":"SYNC_SERVER_OK", "context":{"environment":"Prod_SoutheastAsia_000j", "migrationStage":"NotStarted", "server":"GENERAL0300001X"}}
{"logTime": "0209/124539", "correlationVector":"j1t/+MqIo0IvyMz2n/bWBu.2","action":"GetUpdates Response", "result":"SYNCER_OK", "context":Received 191 update(s). cV=j1t/+MqIo0IvyMz2n/bWBu.0;server=GENERAL0300001X;cloudType=Consumer;environment=Prod_SoutheastAsia_000j;migrationStage=NotStarted}
{"logTime": "0209/124539", "correlationVector":"Tsj3Zt1kd3Umj1HlQIEPp7","action":"Normal GetUpdate request", "result":"", "context":cV=Tsj3Zt1kd3Umj1HlQIEPp7
Nudged types: Device Info, User Consents
Refresh requested types: Bookmarks, Preferences, Passwords, Autofill Profiles, Autofill, Autofill Custom Data, Extensions, Extension settings, Device Info, User Consents, Send Tab To Self, Web Apps, Collection, Edge E Drop, Edge Hub App Usage, Edge Wallet, Encryption Keys}
{"logTime": "0209/124540", "correlationVector":"Tsj3Zt1kd3Umj1HlQIEPp7.1","action":"SyncServerConnectionManagerRequest", "result":"SYNC_SERVER_OK", "context":{"environment":"Prod_SoutheastAsia_000j", "migrationStage":"NotStarted", "server":"GENERAL01000011"}}
{"logTime": "0209/124540", "correlationVector":"Tsj3Zt1kd3Umj1HlQIEPp7.2","action":"GetUpdates Response", "result":"SYNCER_OK", "context":Received 0 update(s). cV=Tsj3Zt1kd3Umj1HlQIEPp7.0;server=GENERAL01000011;cloudType=Consumer;environment=Prod_SoutheastAsia_000j;migrationStage=NotStarted}
{"logTime": "0209/124540", "correlationVector":"C0l9Pv7JShYAUNuthad+E6","action":"Commit Request", "result":"", "context":Item count: 1
Contributing types: Device Info}
{"logTime": "0209/124540", "correlationVector":"C0l9Pv7JShYAUNuthad+E6.1","action":"SyncServerConnectionManagerRequest", "result":"SYNC_SERVER_OK", "context":{"environment":"Prod_SoutheastAsia_000j", "migrationStage":"NotStarted", "server":"GENERAL0300000A"}}
{"logTime": "0209/124540", "correlationVector":"C0l9Pv7JShYAUNuthad+E6.2","action":"Commit Response", "result":"SYNCER_OK", "context":Result: SYNCER_OK. cV=C0l9Pv7JShYAUNuthad+E6.0;server=GENERAL0300000A;cloudType=Consumer;environment=Prod_SoutheastAsia_000j;migrationStage=NotStarted}
{"logTime": "0209/124540", "correlationVector":"Cc1x0VymlIfmucx7IVOZVs","action":"Commit Request", "result":"", "context":Item count: 1
Contributing types: User Consents}
{"logTime": "0209/124540", "correlationVector":"Cc1x0VymlIfmucx7IVOZVs.1","action":"SyncServerConnectionManagerRequest", "result":"SYNC_SERVER_OK", "context":{"environment":"Prod_SoutheastAsia_000j", "migrationStage":"NotStarted", "server":"GENERAL0300000I"}}
{"logTime": "0209/124540", "correlationVector":"Cc1x0VymlIfmucx7IVOZVs.2","action":"Commit Response", "result":"SYNCER_OK", "context":Result: SYNCER_OK. cV=Cc1x0VymlIfmucx7IVOZVs.0;server=GENERAL0300000I;cloudType=Consumer;environment=Prod_SoutheastAsia_000j;migrationStage=NotStarted}
{"logTime": "0209/124541", "correlationVector":"iCV7NwyTSJgIv6/3SvCTNP","action":"Normal GetUpdate request", "result":"", "context":cV=iCV7NwyTSJgIv6/3SvCTNP
Nudged types: Device Info}
{"logTime": "0209/124541", "correlationVector":"iCV7NwyTSJgIv6/3SvCTNP.1","action":"SyncServerConnectionManagerRequest", "result":"SYNC_SERVER_OK", "context":{"environment":"Prod_SoutheastAsia_000j", "migrationStage":"NotStarted", "server":"GENERAL01000014"}}
{"logTime": "0209/124541", "correlationVector":"iCV7NwyTSJgIv6/3SvCTNP.2","action":"GetUpdates Response", "result":"SYNCER_OK", "context":Received 1 update(s). cV=iCV7NwyTSJgIv6/3SvCTNP.0;server=GENERAL01000014;cloudType=Consumer;environment=Prod_SoutheastAsia_000j;migrationStage=NotStarted}
{"logTime": "0209/124651", "correlationVector":"wD4wmyDv2igH713DqDenc4","action":"Commit Request", "result":"", "context":Item count: 20
Contributing types: Passwords}
{"logTime": "0209/124653", "correlationVector":"wD4wmyDv2igH713DqDenc4.1","action":"SyncServerConnectionManagerRequest", "result":"SYNC_SERVER_OK", "context":{"environment":"Prod_SoutheastAsia_000j", "migrationStage":"NotStarted", "server":"GENERAL0300000A"}}
{"logTime": "0209/124653", "correlationVector":"wD4wmyDv2igH713DqDenc4.2","action":"Commit Response", "result":"SYNCER_OK", "context":Result: SYNCER_OK. cV=wD4wmyDv2igH713DqDenc4.0;server=GENERAL0300000A;cloudType=Consumer;environment=Prod_SoutheastAsia_000j;migrationStage=NotStarted}
{"logTime": "0209/124653", "correlationVector":"5sT2wjRAKOw/wMqOj8agET","action":"Commit Request", "result":"", "context":Item count: 1
Contributing types: Passwords}
{"logTime": "0209/124653", "correlationVector":"5sT2wjRAKOw/wMqOj8agET.1","action":"SyncServerConnectionManagerRequest", "result":"SYNC_SERVER_OK", "context":{"environment":"Prod_SoutheastAsia_000j", "migrationStage":"NotStarted", "server":"GENERAL01000002"}}
{"logTime": "0209/124653", "correlationVector":"5sT2wjRAKOw/wMqOj8agET.2","action":"Commit Response", "result":"SYNCER_OK", "context":Result: SYNCER_OK. cV=5sT2wjRAKOw/wMqOj8agET.0;server=GENERAL01000002;cloudType=Consumer;environment=Prod_SoutheastAsia_000j;migrationStage=NotStarted}
{"logTime": "0209/124653", "correlationVector":"bVRelBpDEeM0Vp4sFZwnzY","action":"Commit Request", "result":"", "context":Item count: 1
Contributing types: Preferences}
{"logTime": "0209/124654", "correlationVector":"bVRelBpDEeM0Vp4sFZwnzY.1","action":"SyncServerConnectionManagerRequest", "result":"SYNC_SERVER_OK", "context":{"environment":"Prod_SoutheastAsia_000j", "migrationStage":"NotStarted", "server":"GENERAL0300001G"}}
{"logTime": "0209/124654", "correlationVector":"bVRelBpDEeM0Vp4sFZwnzY.2","action":"Commit Response", "result":"SYNCER_OK", "context":Result: SYNCER_OK. cV=bVRelBpDEeM0Vp4sFZwnzY.0;server=GENERAL0300001G;cloudType=Consumer;environment=Prod_SoutheastAsia_000j;migrationStage=NotStarted}
